<?xml version="1.0" encoding="UTF-8"?>
<!-- Generated by org.testng.reporters.JUnitXMLReporter -->
<testsuite hostname="DESKTOP-HKHMGP7" ignored="0" name="alltest" tests="2" failures="2" timestamp="30 Jul 2019 04:57:28 GMT" time="28.575" errors="0">
  <testcase name="bing" time="14.94" classname="gitTest.GitTest2">
    <failure type="java.lang.ArithmeticException" message="/ by zero">
      <![CDATA[java.lang.ArithmeticException: / by zeroat gitTest.GitTest2.bing(GitTest2.java:23)... Removed 28 stack frames]]>
    </failure>
  </testcase> <!-- bing -->
  <testcase name="bing" time="13.587" classname="gitTest.GitTest1">
    <failure type="java.lang.ArithmeticException" message="/ by zero">
      <![CDATA[java.lang.ArithmeticException: / by zeroat gitTest.GitTest1.bing(GitTest1.java:23)... Removed 28 stack frames]]>
    </failure>
  </testcase> <!-- bing -->
</testsuite> <!-- alltest -->
