<?xml version="1.0" encoding="UTF-8"?>
<testng-results skipped="0" failed="0" total="1" passed="1">
  <reporter-output>
  </reporter-output>
  <suite name="Default suite" duration-ms="13740" started-at="2019-07-29T05:10:22Z" finished-at="2019-07-29T05:10:36Z">
    <groups>
    </groups>
    <test name="Default test" duration-ms="13740" started-at="2019-07-29T05:10:22Z" finished-at="2019-07-29T05:10:36Z">
      <class name="gitTest.GitTest">
        <test-method status="PASS" signature="bing()[pri:0, instance:gitTest.GitTest@1fbc7afb]" name="bing" duration-ms="13684" started-at="2019-07-29T10:40:22Z" finished-at="2019-07-29T10:40:36Z">
          <reporter-output>
          </reporter-output>
        </test-method> <!-- bing -->
      </class> <!-- gitTest.GitTest -->
    </test> <!-- Default test -->
  </suite> <!-- Default suite -->
</testng-results>
